<?xml version="1.0" encoding="UTF-8"?>
<!-- Generated by org.testng.reporters.JUnitReportReporter -->
<testsuite hostname="DESKTOP-07N31E3" name="com.basic.testinggoogle.TestingGoogleWebsite" tests="1" failures="0" timestamp="10 Jun 2019 05:12:21 GMT" time="3.832" errors="0">
  <testcase name="googleTest" time="3.832" classname="com.basic.testinggoogle.TestingGoogleWebsite"/>
</testsuite> <!-- com.basic.testinggoogle.TestingGoogleWebsite -->
